Using pre-set license
Built from '2021.2/staging' branch; Version is '2021.2.8f1 (d0e5f0a7b06a) revision 13690352'; Using compiler version '192829333'; Build Type 'Release'
OS: 'Windows 10  (10.0.19043) 64bit Core' Language: 'en' Physical Memory: 8142 MB
BatchMode: 1, IsHumanControllingUs: 0, StartBugReporterOnCrash: 0, Is64bit: 1, IsPro: 0

COMMAND LINE ARGUMENTS:
C:\Program Files\Unity\Hub\Editor\2021.2.8f1\Editor\Unity.exe
-adb2
-batchMode
-noUpm
-name
AssetImportWorker0
-projectPath
C:/dev/unity/UnityTesting
-logFile
Logs/AssetImportWorker0.log
-srvPort
61164
Successfully changed project path to: C:/dev/unity/UnityTesting
C:/dev/unity/UnityTesting
[UnityMemory] Configuration Parameters - Can be set up in boot.config
    "memorysetup-bucket-allocator-granularity=16"
    "memorysetup-bucket-allocator-bucket-count=8"
    "memorysetup-bucket-allocator-block-size=33554432"
    "memorysetup-bucket-allocator-block-count=8"
    "memorysetup-main-allocator-block-size=16777216"
    "memorysetup-thread-allocator-block-size=16777216"
    "memorysetup-gfx-main-allocator-block-size=16777216"
    "memorysetup-gfx-thread-allocator-block-size=16777216"
    "memorysetup-cache-allocator-block-size=4194304"
    "memorysetup-typetree-allocator-block-size=2097152"
    "memorysetup-profiler-bucket-allocator-granularity=16"
    "memorysetup-profiler-bucket-allocator-bucket-count=8"
    "memorysetup-profiler-bucket-allocator-block-size=33554432"
    "memorysetup-profiler-bucket-allocator-block-count=8"
    "memorysetup-profiler-allocator-block-size=16777216"
    "memorysetup-profiler-editor-allocator-block-size=1048576"
    "memorysetup-temp-allocator-size-main=16777216"
    "memorysetup-job-temp-allocator-block-size=2097152"
    "memorysetup-job-temp-allocator-block-size-background=1048576"
    "memorysetup-job-temp-allocator-reduction-small-platforms=262144"
    "memorysetup-temp-allocator-size-background-worker=32768"
    "memorysetup-temp-allocator-size-job-worker=262144"
    "memorysetup-temp-allocator-size-preload-manager=33554432"
    "memorysetup-temp-allocator-size-nav-mesh-worker=65536"
    "memorysetup-temp-allocator-size-audio-worker=65536"
    "memorysetup-temp-allocator-size-cloud-worker=32768"
    "memorysetup-temp-allocator-size-gi-baking-worker=262144"
    "memorysetup-temp-allocator-size-gfx=262144"
Refreshing native plugins compatible for Editor in 102.38 ms, found 3 plugins.
Preloading 0 native plugins for Editor in 0.00 ms.
Initialize engine version: 2021.2.8f1 (d0e5f0a7b06a)
[Subsystems] Discovering subsystems at path C:/Program Files/Unity/Hub/Editor/2021.2.8f1/Editor/Data/Resources/UnitySubsystems
[Subsystems] Discovering subsystems at path C:/dev/unity/UnityTesting/Assets
GfxDevice: creating device client; threaded=0; jobified=0
Direct3D:
    Version:  Direct3D 11.0 [level 11.1]
    Renderer: Radeon(TM) RX 460 Graphics (ID=0x67ef)
    Vendor:   ATI
    VRAM:     2027 MB
    Driver:   30.0.14011.3017
Initialize mono
Mono path[0] = 'C:/Program Files/Unity/Hub/Editor/2021.2.8f1/Editor/Data/Managed'
Mono path[1] = 'C:/Program Files/Unity/Hub/Editor/2021.2.8f1/Editor/Data/MonoBleedingEdge/lib/mono/unityjit-win32'
Mono config path = 'C:/Program Files/Unity/Hub/Editor/2021.2.8f1/Editor/Data/MonoBleedingEdge/etc'
Using monoOptions --debugger-agent=transport=dt_socket,embedding=1,server=y,suspend=n,address=127.0.0.1:56452
Begin MonoManager ReloadAssembly
Registering precompiled unity dll's ...
Register platform support module: C:/Program Files/Unity/Hub/Editor/2021.2.8f1/Editor/Data/PlaybackEngines/WebGLSupport/UnityEditor.WebGL.Extensions.dll
Register platform support module: C:/Program Files/Unity/Hub/Editor/2021.2.8f1/Editor/Data/PlaybackEngines/WindowsStandaloneSupport/UnityEditor.WindowsStandalone.Extensions.dll
Registered in 0.019359 seconds.
Native extension for WindowsStandalone target not found
Native extension for WebGL target not found
Refreshing native plugins compatible for Editor in 96.76 ms, found 3 plugins.
Preloading 0 native plugins for Editor in 0.00 ms.
Mono: successfully reloaded assembly
- Completed reload, in  0.903 seconds
Domain Reload Profiling:
	ReloadAssembly (904ms)
		BeginReloadAssembly (116ms)
			ExecutionOrderSort (0ms)
			DisableScriptedObjects (0ms)
			BackupInstance (0ms)
			ReleaseScriptingObjects (0ms)
			CreateAndSetChildDomain (1ms)
		EndReloadAssembly (658ms)
			LoadAssemblies (112ms)
			RebuildTransferFunctionScriptingTraits (0ms)
			SetupTypeCache (149ms)
			ReleaseScriptCaches (0ms)
			RebuildScriptCaches (41ms)
			SetupLoadedEditorAssemblies (386ms)
				LogAssemblyErrors (0ms)
				InitializePlatformSupportModulesInManaged (25ms)
				SetLoadedEditorAssemblies (0ms)
				RefreshPlugins (97ms)
				BeforeProcessingInitializeOnLoad (2ms)
				ProcessInitializeOnLoadAttributes (194ms)
				ProcessInitializeOnLoadMethodAttributes (67ms)
				AfterProcessingInitializeOnLoad (0ms)
				EditorAssembliesLoaded (0ms)
			ExecutionOrderSort2 (0ms)
			AwakeInstancesAfterBackupRestoration (0ms)
Platform modules already initialized, skipping
Registering precompiled user dll's ...
Registered in 0.012936 seconds.
Begin MonoManager ReloadAssembly
Symbol file LoadedFromMemory doesn't match image C:\dev\unity\UnityTesting\Library\PackageCache\com.unity.visualscripting@1.7.6\Editor\VisualScripting.Core\Dependencies\YamlDotNet\Unity.VisualScripting.YamlDotNet.dll
Symbol file LoadedFromMemory doesn't match image C:\dev\unity\UnityTesting\Library\PackageCache\com.unity.visualscripting@1.7.6\Editor\VisualScripting.Core\Dependencies\DotNetZip\Unity.VisualScripting.IonicZip.dll
Native extension for WindowsStandalone target not found
Native extension for WebGL target not found
Refreshing native plugins compatible for Editor in 0.84 ms, found 3 plugins.
Preloading 0 native plugins for Editor in 0.00 ms.
Mono: successfully reloaded assembly
- Completed reload, in  1.436 seconds
Domain Reload Profiling:
	ReloadAssembly (1437ms)
		BeginReloadAssembly (166ms)
			ExecutionOrderSort (0ms)
			DisableScriptedObjects (8ms)
			BackupInstance (0ms)
			ReleaseScriptingObjects (0ms)
			CreateAndSetChildDomain (27ms)
		EndReloadAssembly (1130ms)
			LoadAssemblies (123ms)
			RebuildTransferFunctionScriptingTraits (0ms)
			SetupTypeCache (391ms)
			ReleaseScriptCaches (1ms)
			RebuildScriptCaches (71ms)
			SetupLoadedEditorAssemblies (496ms)
				LogAssemblyErrors (0ms)
				InitializePlatformSupportModulesInManaged (21ms)
				SetLoadedEditorAssemblies (1ms)
				RefreshPlugins (1ms)
				BeforeProcessingInitializeOnLoad (116ms)
				ProcessInitializeOnLoadAttributes (307ms)
				ProcessInitializeOnLoadMethodAttributes (31ms)
				AfterProcessingInitializeOnLoad (18ms)
				EditorAssembliesLoaded (0ms)
			ExecutionOrderSort2 (0ms)
			AwakeInstancesAfterBackupRestoration (11ms)
Platform modules already initialized, skipping
========================================================================
Worker process is ready to serve import requests
Launched and connected shader compiler UnityShaderCompiler.exe after 0.05 seconds
Refreshing native plugins compatible for Editor in 0.66 ms, found 3 plugins.
Preloading 0 native plugins for Editor in 0.00 ms.
Unloading 3272 Unused Serialized files (Serialized files now loaded: 0)
Unloading 26 unused Assets / (112.5 KB). Loaded Objects now: 3729.
Memory consumption went from 115.6 MB to 115.5 MB.
Total: 3.634700 ms (FindLiveObjects: 0.354600 ms CreateObjectMapping: 0.175500 ms MarkObjects: 2.985800 ms  DeleteObjects: 0.117200 ms)

AssetImportParameters requested are different than current active one (requested -> active):
  custom:video-decoder-ogg-theora: a1e56fd34408186e4bbccfd4996cb3dc -> 
  custom:container-muxer-webm: aa71ff27fc2769a1b78a27578f13a17b -> 
  custom:container-demuxer-webm: 4f35f7cbe854078d1ac9338744f61a02 -> 
  custom:video-encoder-webm-vp8: eb34c28f22e8b96e1ab97ce403110664 -> 
  custom:audio-encoder-webm-vorbis: bf7c407c2cedff20999df2af8eb42d56 -> 
  custom:framework-win-MediaFoundation: 216162199b28c13a410421893ffa2e32 -> 
  custom:container-demuxer-ogg: 62fdf1f143b41e24485cea50d1cbac27 -> 
  custom:video-decoder-webm-vp8: 9c59270c3fd7afecdb556c50c9e8de78 -> 
  custom:audio-decoder-ogg-vorbis: bf7c407c2cedff20999df2af8eb42d56 -> 
========================================================================
Received Import Request.
  Time since last request: 941296.692276 seconds.
  path: Assets/Prefabs/Canvas.prefab
  artifactKey: Guid(71e3f9d8c571732409643050a058515f) Importer(815301076,1909f56bfc062723c751e8b465ee728b)
Start importing Assets/Prefabs/Canvas.prefab using Guid(71e3f9d8c571732409643050a058515f) Importer(815301076,1909f56bfc062723c751e8b465ee728b)  -> (artifact id: '18957a53859e3eca4ceba0cea93ad7d9') in 0.075728 seconds 
========================================================================
Received Import Request.
  Time since last request: 6.230371 seconds.
  path: Assets/Prefabs/Canvas.prefab
  artifactKey: Guid(71e3f9d8c571732409643050a058515f) Importer(815301076,1909f56bfc062723c751e8b465ee728b)
Start importing Assets/Prefabs/Canvas.prefab using Guid(71e3f9d8c571732409643050a058515f) Importer(815301076,1909f56bfc062723c751e8b465ee728b)  -> (artifact id: 'a3cea84429f07d1b13bcb6f0e1c78c8e') in 0.007226 seconds 
========================================================================
Received Import Request.
  Time since last request: 8.029460 seconds.
  path: Assets/Prefabs/Canvas.prefab
  artifactKey: Guid(71e3f9d8c571732409643050a058515f) Importer(815301076,1909f56bfc062723c751e8b465ee728b)
Start importing Assets/Prefabs/Canvas.prefab using Guid(71e3f9d8c571732409643050a058515f) Importer(815301076,1909f56bfc062723c751e8b465ee728b)  -> (artifact id: 'fd1bb93fb5350fb480ea306c0d2af144') in 0.007667 seconds 
========================================================================
Received Import Request.
  Time since last request: 5.013332 seconds.
  path: Assets/Prefabs/Canvas.prefab
  artifactKey: Guid(71e3f9d8c571732409643050a058515f) Importer(815301076,1909f56bfc062723c751e8b465ee728b)
Start importing Assets/Prefabs/Canvas.prefab using Guid(71e3f9d8c571732409643050a058515f) Importer(815301076,1909f56bfc062723c751e8b465ee728b)  -> (artifact id: '3b9f730634182e9458aca7ec883f25ef') in 0.006594 seconds 
========================================================================
Received Import Request.
  Time since last request: 2.447102 seconds.
  path: Assets/Prefabs/Canvas.prefab
  artifactKey: Guid(71e3f9d8c571732409643050a058515f) Importer(815301076,1909f56bfc062723c751e8b465ee728b)
Start importing Assets/Prefabs/Canvas.prefab using Guid(71e3f9d8c571732409643050a058515f) Importer(815301076,1909f56bfc062723c751e8b465ee728b)  -> (artifact id: '51dc67796a7eb864826849f4ddb3a0b0') in 0.009766 seconds 
========================================================================
Received Import Request.
  Time since last request: 12.104205 seconds.
  path: Assets/Prefabs/Canvas.prefab
  artifactKey: Guid(71e3f9d8c571732409643050a058515f) Importer(815301076,1909f56bfc062723c751e8b465ee728b)
Start importing Assets/Prefabs/Canvas.prefab using Guid(71e3f9d8c571732409643050a058515f) Importer(815301076,1909f56bfc062723c751e8b465ee728b)  -> (artifact id: 'f151886b2e58032c2fd2261e50451538') in 0.006697 seconds 
========================================================================
Received Import Request.
  Time since last request: 2.815275 seconds.
  path: Assets/Prefabs/Canvas.prefab
  artifactKey: Guid(71e3f9d8c571732409643050a058515f) Importer(815301076,1909f56bfc062723c751e8b465ee728b)
Start importing Assets/Prefabs/Canvas.prefab using Guid(71e3f9d8c571732409643050a058515f) Importer(815301076,1909f56bfc062723c751e8b465ee728b)  -> (artifact id: '1a54a88e6ba781d718a44079195904cf') in 0.006322 seconds 
========================================================================
Received Import Request.
  Time since last request: 18.945359 seconds.
  path: Assets/Prefabs/Canvas.prefab
  artifactKey: Guid(71e3f9d8c571732409643050a058515f) Importer(815301076,1909f56bfc062723c751e8b465ee728b)
Start importing Assets/Prefabs/Canvas.prefab using Guid(71e3f9d8c571732409643050a058515f) Importer(815301076,1909f56bfc062723c751e8b465ee728b)  -> (artifact id: '6b4d046d068d3901910a85486459a528') in 0.006699 seconds 
========================================================================
Received Import Request.
  Time since last request: 12.125170 seconds.
  path: Assets/Prefabs/Canvas.prefab
  artifactKey: Guid(71e3f9d8c571732409643050a058515f) Importer(815301076,1909f56bfc062723c751e8b465ee728b)
Start importing Assets/Prefabs/Canvas.prefab using Guid(71e3f9d8c571732409643050a058515f) Importer(815301076,1909f56bfc062723c751e8b465ee728b)  -> (artifact id: '749c5b4410369f3f535bffe061cdc0fd') in 0.006151 seconds 
========================================================================
Received Import Request.
  Time since last request: 3.037549 seconds.
  path: Assets/Prefabs/Canvas.prefab
  artifactKey: Guid(71e3f9d8c571732409643050a058515f) Importer(815301076,1909f56bfc062723c751e8b465ee728b)
Start importing Assets/Prefabs/Canvas.prefab using Guid(71e3f9d8c571732409643050a058515f) Importer(815301076,1909f56bfc062723c751e8b465ee728b)  -> (artifact id: '98c8e9264195d5e4218dd84359e8ebfa') in 0.006884 seconds 
========================================================================
Received Import Request.
  Time since last request: 5.642697 seconds.
  path: Assets/Prefabs/Canvas.prefab
  artifactKey: Guid(71e3f9d8c571732409643050a058515f) Importer(815301076,1909f56bfc062723c751e8b465ee728b)
Start importing Assets/Prefabs/Canvas.prefab using Guid(71e3f9d8c571732409643050a058515f) Importer(815301076,1909f56bfc062723c751e8b465ee728b)  -> (artifact id: '34e31471a9b44bd108f5e0b0ad7b6156') in 0.006445 seconds 
========================================================================
Received Import Request.
  Time since last request: 7.700856 seconds.
  path: Assets/Prefabs/Canvas.prefab
  artifactKey: Guid(71e3f9d8c571732409643050a058515f) Importer(815301076,1909f56bfc062723c751e8b465ee728b)
Start importing Assets/Prefabs/Canvas.prefab using Guid(71e3f9d8c571732409643050a058515f) Importer(815301076,1909f56bfc062723c751e8b465ee728b)  -> (artifact id: '3211f79753df5cdb2700a2e2caa88f73') in 0.006687 seconds 
========================================================================
Received Import Request.
  Time since last request: 11.317577 seconds.
  path: Assets/Prefabs/Canvas.prefab
  artifactKey: Guid(71e3f9d8c571732409643050a058515f) Importer(815301076,1909f56bfc062723c751e8b465ee728b)
Start importing Assets/Prefabs/Canvas.prefab using Guid(71e3f9d8c571732409643050a058515f) Importer(815301076,1909f56bfc062723c751e8b465ee728b)  -> (artifact id: 'a50adb836fbc1147761a07ef1336bb8d') in 0.006355 seconds 
========================================================================
Received Import Request.
  Time since last request: 10.639005 seconds.
  path: Assets/Prefabs/Canvas.prefab
  artifactKey: Guid(71e3f9d8c571732409643050a058515f) Importer(815301076,1909f56bfc062723c751e8b465ee728b)
Start importing Assets/Prefabs/Canvas.prefab using Guid(71e3f9d8c571732409643050a058515f) Importer(815301076,1909f56bfc062723c751e8b465ee728b)  -> (artifact id: '392f9736a87212eefad31f5544ebc1c1') in 0.011528 seconds 
========================================================================
Received Import Request.
  Time since last request: 6.883796 seconds.
  path: Assets/Prefabs/Canvas.prefab
  artifactKey: Guid(71e3f9d8c571732409643050a058515f) Importer(815301076,1909f56bfc062723c751e8b465ee728b)
Start importing Assets/Prefabs/Canvas.prefab using Guid(71e3f9d8c571732409643050a058515f) Importer(815301076,1909f56bfc062723c751e8b465ee728b)  -> (artifact id: '2a410e8a8324759755f756e7c4d4acd8') in 0.008247 seconds 
========================================================================
Received Import Request.
  Time since last request: 41.889278 seconds.
  path: Assets/Prefabs/Canvas.prefab
  artifactKey: Guid(71e3f9d8c571732409643050a058515f) Importer(815301076,1909f56bfc062723c751e8b465ee728b)
Start importing Assets/Prefabs/Canvas.prefab using Guid(71e3f9d8c571732409643050a058515f) Importer(815301076,1909f56bfc062723c751e8b465ee728b)  -> (artifact id: 'b866b1449f5c67648c6be757ebcaae54') in 0.007376 seconds 
========================================================================
Received Import Request.
  Time since last request: 5.466651 seconds.
  path: Assets/Prefabs/Canvas.prefab
  artifactKey: Guid(71e3f9d8c571732409643050a058515f) Importer(815301076,1909f56bfc062723c751e8b465ee728b)
Start importing Assets/Prefabs/Canvas.prefab using Guid(71e3f9d8c571732409643050a058515f) Importer(815301076,1909f56bfc062723c751e8b465ee728b)  -> (artifact id: '26ece669e854e82ba32bd9e2b0177888') in 0.006217 seconds 
========================================================================
Received Import Request.
  Time since last request: 7.015237 seconds.
  path: Assets/Prefabs/Canvas.prefab
  artifactKey: Guid(71e3f9d8c571732409643050a058515f) Importer(815301076,1909f56bfc062723c751e8b465ee728b)
Start importing Assets/Prefabs/Canvas.prefab using Guid(71e3f9d8c571732409643050a058515f) Importer(815301076,1909f56bfc062723c751e8b465ee728b)  -> (artifact id: '2c6bd52ccf0aa14188bd2836b1107588') in 0.006766 seconds 
========================================================================
Received Import Request.
  Time since last request: 27.844073 seconds.
  path: Assets/Prefabs/Canvas.prefab
  artifactKey: Guid(71e3f9d8c571732409643050a058515f) Importer(815301076,1909f56bfc062723c751e8b465ee728b)
Start importing Assets/Prefabs/Canvas.prefab using Guid(71e3f9d8c571732409643050a058515f) Importer(815301076,1909f56bfc062723c751e8b465ee728b)  -> (artifact id: 'c61e2057ab37d7fa3a12be6364e46ce4') in 0.006915 seconds 
